[debug] > Exec(early(addDefaultCommands), None, None)
[debug] > Exec(addDefaultCommands, None, None)
[debug] > Exec(early(initialize), None, None)
[debug] > Exec(initialize, None, None)
[debug] > Exec(early(addPluginSbtFile="""C:\Users\Chuying\AppData\Local\Temp\idea7.sbt"""), None, None)
[debug] > Exec(addPluginSbtFile="""C:\Users\Chuying\AppData\Local\Temp\idea7.sbt""", None, None)
[debug] > Exec(boot, None, None)
[debug] > Exec(writeSbtVersion, None, None)
[debug] > Exec(reload, None, None)
[debug] > Exec(sbtStashOnFailure, None, None)
[debug] > Exec(onFailure loadFailed, None, None)
[debug] > Exec(loadp, None, None)
[info] welcome to sbt 1.4.7 (Oracle Corporation Java 9.0.4)
[debug]       Load.loadUnit: plugins took 118.6072ms
[debug]       Load.loadUnit: defsScala took 0.5944ms
[debug] [Loading] Scanning directory C:\Users\Chuying\.sbt\1.0\plugins
[debug] [Loading] Found non-root projects 
[debug] [Loading] Done in C:\Users\Chuying\.sbt\1.0\plugins, returning: ()
[debug] deducing auto plugins based on known facts Set(Atom(sbt.plugins.CorePlugin)) and clauses Clauses(List(Clause(Atom(sbt.plugins.JvmPlugin),Set(Atom(sbt.plugins.IvyPlugin))), Clause(Atom(sbt.ScriptedPlugin),Set(Atom(sbt.plugins.JvmPlugin))), Clause(Atom(sbt.plugins.SbtPlugin),Set(Atom(sbt.ScriptedPlugin))), Clause(Atom(sbt.plugins.SemanticdbPlugin),Set(Atom(sbt.plugins.JvmPlugin))), Clause(Atom(sbt.plugins.JUnitXmlReportPlugin),Set(Atom(sbt.plugins.JvmPlugin))), Clause(Atom(sbt.plugins.MiniDependencyTreePlugin),Set(Atom(sbt.plugins.JvmPlugin))), Clause(Atom(sbt.plugins.CorePlugin),Set(Atom(sbt.plugins.IvyPlugin))), Clause(Atom(sbt.plugins.IvyPlugin),Set(Atom(sbt.plugins.JvmPlugin))), Clause(Atom(sbt.plugins.JvmPlugin),Set(Atom(sbt.plugins.SemanticdbPlugin))), Clause(Atom(sbt.plugins.JvmPlugin),Set(Atom(sbt.plugins.JUnitXmlReportPlugin))), Clause(Atom(sbt.plugins.CorePlugin),Set(Atom(sbt.plugins.Giter8TemplatePlugin))), Clause(Atom(sbt.plugins.JvmPlugin),Set(Atom(sbt.plugins.MiniDependencyTreePlugin)))))
[debug]   :: deduced result: Matched(sbt.plugins.CorePlugin,sbt.plugins.Giter8TemplatePlugin,sbt.plugins.IvyPlugin,sbt.plugins.JvmPlugin,sbt.plugins.MiniDependencyTreePlugin,sbt.plugins.JUnitXmlReportPlugin,sbt.plugins.SemanticdbPlugin)
[debug] Plugins.deducer#function took 31.7118 ms
[debug]           Load.resolveProject(global-plugins) took 72.9388ms
[debug]         Load.loadTransitive: finalizeProject(Project(id global-plugins, base: C:\Users\Chuying\.sbt\1.0\plugins, plugins: List(<none>))) took 163.4349ms
[debug] [Loading] Done in C:\Users\Chuying\.sbt\1.0\plugins, returning: (global-plugins)
[debug]       Load.loadUnit: loadedProjectsRaw took 199.2536ms
[debug]       Load.loadUnit: cleanEvalClasses took 0.4111ms
[debug]     Load.loadUnit(file:/C:/Users/Chuying/.sbt/1.0/plugins/, ...) took 330.9597ms
[debug]   Load.apply: load took 586.3356ms
[debug]   Load.apply: resolveProjects took 8.4317ms
[debug]   Load.apply: finalTransforms took 89.819ms
[debug]   Load.apply: config.delegates took 14.3415ms
[debug]   Load.apply: Def.make(settings)... took 1302.9958ms
[debug]   Load.apply: structureIndex took 169.0661ms
[debug]   Load.apply: mkStreams took 2.6511ms
[info] loading global plugins from C:\Users\Chuying\.sbt\1.0\plugins
[debug] Running task... Cancel: Signal, check cycles: false, forcegc: true
[debug] Load.defaultLoad until apply took 4793.4774ms
[debug]           Load.loadUnit: plugins took 46.2476ms
[debug]           Load.loadUnit: defsScala took 0.0051ms
[debug] [Loading] Scanning directory C:\Users\Chuying\IdeaProjects\CS152\project
[debug]             Load.loadUnit: mkEval took 9.5542ms
[debug] [Loading] Found non-root projects 
[debug] [Loading] Done in C:\Users\Chuying\IdeaProjects\CS152\project, returning: ()
[debug] deducing auto plugins based on known facts Set(Atom(sbt.plugins.CorePlugin)) and clauses Clauses(List(Clause(Atom(sbt.plugins.JvmPlugin),Set(Atom(sbt.plugins.IvyPlugin))), Clause(Atom(sbt.ScriptedPlugin),Set(Atom(sbt.plugins.JvmPlugin))), Clause(Atom(sbt.plugins.SbtPlugin),Set(Atom(sbt.ScriptedPlugin))), Clause(Atom(sbt.plugins.SemanticdbPlugin),Set(Atom(sbt.plugins.JvmPlugin))), Clause(Atom(sbt.plugins.JUnitXmlReportPlugin),Set(Atom(sbt.plugins.JvmPlugin))), Clause(Atom(sbt.plugins.MiniDependencyTreePlugin),Set(Atom(sbt.plugins.JvmPlugin))), Clause(Atom(sbt.plugins.CorePlugin),Set(Atom(sbt.plugins.IvyPlugin))), Clause(Atom(sbt.plugins.IvyPlugin),Set(Atom(sbt.plugins.JvmPlugin))), Clause(Atom(sbt.plugins.JvmPlugin),Set(Atom(sbt.plugins.SemanticdbPlugin))), Clause(Atom(sbt.plugins.JvmPlugin),Set(Atom(sbt.plugins.JUnitXmlReportPlugin))), Clause(Atom(sbt.plugins.CorePlugin),Set(Atom(sbt.plugins.Giter8TemplatePlugin))), Clause(Atom(sbt.plugins.JvmPlugin),Set(Atom(sbt.plugins.MiniDependencyTreePlugin)))))
[debug]   :: deduced result: Matched(sbt.plugins.CorePlugin,sbt.plugins.Giter8TemplatePlugin,sbt.plugins.IvyPlugin,sbt.plugins.JvmPlugin,sbt.plugins.MiniDependencyTreePlugin,sbt.plugins.JUnitXmlReportPlugin,sbt.plugins.SemanticdbPlugin)
[debug] Plugins.deducer#function took 3.1942 ms
[info] loading settings for project cs152-build from idea7.sbt ...
[debug]               Load.resolveProject(cs152-build) took 20.7829ms
[debug]             Load.loadTransitive: finalizeProject(Project(id cs152-build, base: C:\Users\Chuying\IdeaProjects\CS152\project, plugins: List(<none>))) took 24.6605ms
[debug] [Loading] Done in C:\Users\Chuying\IdeaProjects\CS152\project, returning: (cs152-build)
[debug]           Load.loadUnit: loadedProjectsRaw took 205.5865ms
[debug]           Load.loadUnit: cleanEvalClasses took 5.3329ms
[debug]         Load.loadUnit(file:/C:/Users/Chuying/IdeaProjects/CS152/project/, ...) took 258.4984ms
[debug]       Load.apply: load took 260.3595ms
[debug]       Load.apply: resolveProjects took 0.1951ms
[debug]       Load.apply: finalTransforms took 16.0657ms
[debug]       Load.apply: config.delegates took 0.6669ms
[debug]       Load.apply: Def.make(settings)... took 136.0119ms
[debug]       Load.apply: structureIndex took 46.8316ms
[debug]       Load.apply: mkStreams took 0.0027ms
[info] loading project definition from C:\Users\Chuying\IdeaProjects\CS152\project
[debug] Running task... Cancel: Signal, check cycles: false, forcegc: true
[debug]     Load.loadUnit: plugins took 1468.0864ms
[debug]     Load.loadUnit: defsScala took 0.0038ms
[debug] [Loading] Scanning directory C:\Users\Chuying\IdeaProjects\CS152
[debug]       Load.loadUnit: mkEval took 0.3461ms
[debug] [Loading] Found non-root projects 
[debug] [Loading] Done in C:\Users\Chuying\IdeaProjects\CS152, returning: ()
[debug] deducing auto plugins based on known facts Set(Atom(sbt.plugins.CorePlugin)) and clauses Clauses(List(Clause(Atom(sbt.plugins.JvmPlugin),Set(Atom(sbt.plugins.IvyPlugin))), Clause(Atom(sbt.ScriptedPlugin),Set(Atom(sbt.plugins.JvmPlugin))), Clause(Atom(sbt.plugins.SbtPlugin),Set(Atom(sbt.ScriptedPlugin))), Clause(Atom(sbt.plugins.SemanticdbPlugin),Set(Atom(sbt.plugins.JvmPlugin))), Clause(Atom(sbt.plugins.JUnitXmlReportPlugin),Set(Atom(sbt.plugins.JvmPlugin))), Clause(Atom(sbt.plugins.MiniDependencyTreePlugin),Set(Atom(sbt.plugins.JvmPlugin))), Clause(Atom(org.jetbrains.sbt.StructurePlugin),Set(Atom(sbt.plugins.JvmPlugin))), Clause(Atom(org.jetbrains.sbt.IdeaShellPlugin),Set(Atom(sbt.plugins.JvmPlugin))), Clause(Atom(org.jetbrains.sbt.indices.SbtIntellijIndicesPlugin),Set(Atom(sbt.plugins.JvmPlugin))), Clause(Atom(sbt.plugins.CorePlugin),Set(Atom(sbt.plugins.IvyPlugin))), Clause(Atom(sbt.plugins.IvyPlugin),Set(Atom(sbt.plugins.JvmPlugin))), Clause(Atom(sbt.plugins.JvmPlugin),Set(Atom(sbt.plugins.SemanticdbPlugin))), Clause(Atom(sbt.plugins.JvmPlugin),Set(Atom(sbt.plugins.JUnitXmlReportPlugin))), Clause(Atom(sbt.plugins.CorePlugin),Set(Atom(sbt.plugins.Giter8TemplatePlugin))), Clause(Atom(sbt.plugins.JvmPlugin),Set(Atom(sbt.plugins.MiniDependencyTreePlugin))), Clause(Atom(sbt.plugins.JvmPlugin),Set(Atom(org.jetbrains.sbt.StructurePlugin))), Clause(Atom(sbt.plugins.JvmPlugin),Set(Atom(org.jetbrains.sbt.IdeaShellPlugin))), Clause(And(Set(Atom(sbt.plugins.CorePlugin), Atom(sbt.plugins.JvmPlugin))),Set(Atom(org.jetbrains.sbt.indices.SbtIntellijIndicesPlugin)))))
[debug]   :: deduced result: Matched(sbt.plugins.CorePlugin,sbt.plugins.Giter8TemplatePlugin,sbt.plugins.IvyPlugin,sbt.plugins.JvmPlugin,sbt.plugins.SemanticdbPlugin,org.jetbrains.sbt.indices.SbtIntellijIndicesPlugin,sbt.plugins.JUnitXmlReportPlugin,org.jetbrains.sbt.IdeaShellPlugin,org.jetbrains.sbt.StructurePlugin,sbt.plugins.MiniDependencyTreePlugin)
[debug] Plugins.deducer#function took 4.0294 ms
[info] loading settings for project cs152 from build.sbt ...
[debug]         Load.resolveProject(cs152) took 64.6509ms
[debug]       Load.loadTransitive: finalizeProject(Project(id cs152, base: C:\Users\Chuying\IdeaProjects\CS152, plugins: List(<none>))) took 71.3236ms
[debug] [Loading] Done in C:\Users\Chuying\IdeaProjects\CS152, returning: (cs152)
[debug]     Load.loadUnit: loadedProjectsRaw took 156.4945ms
[debug]     Load.loadUnit: cleanEvalClasses took 10.5549ms
[debug]   Load.loadUnit(file:/C:/Users/Chuying/IdeaProjects/CS152/, ...) took 1636.0959ms
[debug] Load.apply: load took 1638.2188ms
[debug] Load.apply: resolveProjects took 0.2194ms
[debug] Load.apply: finalTransforms took 60.5716ms
[debug] Load.apply: config.delegates took 0.5568ms
[debug] Load.apply: Def.make(settings)... took 156.4691ms
[debug] Load.apply: structureIndex took 45.6592ms
[debug] Load.apply: mkStreams took 0.006ms
[info] set current project to CS152 (in build file:/C:/Users/Chuying/IdeaProjects/CS152/)
[debug] > Exec(sbtPopOnFailure, None, None)
[debug] > Exec(resumeFromFailure, None, None)
[debug] > Exec(notifyUsersAboutShell, None, None)
[debug] > Exec(iflast shell, None, None)
[debug] > Exec(; set ideaPort in Global := 52161 ; idea-shell, None, None)
[debug] > Exec(set ideaPort in Global := 52161, None, None)
[info] Defining Global / ideaPort
[info] The new value will be used by Compile / compile, Test / compile
[debug] Defining 
[debug] 	Global / ideaPort
[debug] 
[debug] The new value will be used by 
[debug] 	Compile / compile
[debug] 	Test / compile
[info] Reapplying settings...
[info] set current project to CS152 (in build file:/C:/Users/Chuying/IdeaProjects/CS152/)
[debug] > Exec(idea-shell, None, None)
