[debug] > Exec(early(addDefaultCommands), None, None)
[debug] > Exec(addDefaultCommands, None, None)
[debug] > Exec(early(initialize), None, None)
[debug] > Exec(initialize, None, None)
[debug] > Exec(early(addPluginSbtFile="""C:\Users\Chuying\AppData\Local\Temp\idea.sbt"""), None, None)
[debug] > Exec(addPluginSbtFile="""C:\Users\Chuying\AppData\Local\Temp\idea.sbt""", None, None)
[debug] > Exec(boot, None, None)
[debug] > Exec(writeSbtVersion, None, None)
[debug] > Exec(reload, None, None)
[debug] > Exec(sbtStashOnFailure, None, None)
[debug] > Exec(onFailure loadFailed, None, None)
[debug] > Exec(loadp, None, None)
[info] welcome to sbt 1.4.7 (Oracle Corporation Java 9.0.4)
[debug]       Load.loadUnit: plugins took 219.4658ms
[debug]       Load.loadUnit: defsScala took 0.7901ms
[debug] [Loading] Scanning directory C:\Users\Chuying\.sbt\1.0\plugins
[debug] [Loading] Found non-root projects 
[debug] [Loading] Done in C:\Users\Chuying\.sbt\1.0\plugins, returning: ()
[debug] deducing auto plugins based on known facts Set(Atom(sbt.plugins.CorePlugin)) and clauses Clauses(List(Clause(Atom(sbt.plugins.JvmPlugin),Set(Atom(sbt.plugins.IvyPlugin))), Clause(Atom(sbt.ScriptedPlugin),Set(Atom(sbt.plugins.JvmPlugin))), Clause(Atom(sbt.plugins.SbtPlugin),Set(Atom(sbt.ScriptedPlugin))), Clause(Atom(sbt.plugins.SemanticdbPlugin),Set(Atom(sbt.plugins.JvmPlugin))), Clause(Atom(sbt.plugins.JUnitXmlReportPlugin),Set(Atom(sbt.plugins.JvmPlugin))), Clause(Atom(sbt.plugins.MiniDependencyTreePlugin),Set(Atom(sbt.plugins.JvmPlugin))), Clause(Atom(sbt.plugins.CorePlugin),Set(Atom(sbt.plugins.IvyPlugin))), Clause(Atom(sbt.plugins.IvyPlugin),Set(Atom(sbt.plugins.JvmPlugin))), Clause(Atom(sbt.plugins.JvmPlugin),Set(Atom(sbt.plugins.SemanticdbPlugin))), Clause(Atom(sbt.plugins.JvmPlugin),Set(Atom(sbt.plugins.JUnitXmlReportPlugin))), Clause(Atom(sbt.plugins.CorePlugin),Set(Atom(sbt.plugins.Giter8TemplatePlugin))), Clause(Atom(sbt.plugins.JvmPlugin),Set(Atom(sbt.plugins.MiniDependencyTreePlugin)))))
[debug]   :: deduced result: Matched(sbt.plugins.CorePlugin,sbt.plugins.Giter8TemplatePlugin,sbt.plugins.IvyPlugin,sbt.plugins.JvmPlugin,sbt.plugins.MiniDependencyTreePlugin,sbt.plugins.JUnitXmlReportPlugin,sbt.plugins.SemanticdbPlugin)
[debug] Plugins.deducer#function took 49.6282 ms
[debug]           Load.resolveProject(global-plugins) took 101.428ms
[debug]         Load.loadTransitive: finalizeProject(Project(id global-plugins, base: C:\Users\Chuying\.sbt\1.0\plugins, plugins: List(<none>))) took 217.7615ms
[debug] [Loading] Done in C:\Users\Chuying\.sbt\1.0\plugins, returning: (global-plugins)
[debug]       Load.loadUnit: loadedProjectsRaw took 264.9386ms
[debug]       Load.loadUnit: cleanEvalClasses took 0.5406ms
[debug]     Load.loadUnit(file:/C:/Users/Chuying/.sbt/1.0/plugins/, ...) took 499.8846ms
[debug]   Load.apply: load took 946.2501ms
[debug]   Load.apply: resolveProjects took 11.5775ms
[debug]   Load.apply: finalTransforms took 133.2634ms
[debug]   Load.apply: config.delegates took 27.2961ms
[debug]   Load.apply: Def.make(settings)... took 3922.9847ms
[debug]   Load.apply: structureIndex took 322.4399ms
[debug]   Load.apply: mkStreams took 3.0577ms
[info] loading global plugins from C:\Users\Chuying\.sbt\1.0\plugins
[debug] Running task... Cancel: Signal, check cycles: false, forcegc: true
[debug] Load.defaultLoad until apply took 9702.0922ms
[debug]           Load.loadUnit: plugins took 106.8945ms
[debug]           Load.loadUnit: defsScala took 0.0087ms
[debug] [Loading] Scanning directory C:\Users\Chuying\IdeaProjects\CS152\project
[debug]             Load.loadUnit: mkEval took 26.099ms
[debug] [Loading] Found non-root projects 
[debug] [Loading] Done in C:\Users\Chuying\IdeaProjects\CS152\project, returning: ()
[debug] deducing auto plugins based on known facts Set(Atom(sbt.plugins.CorePlugin)) and clauses Clauses(List(Clause(Atom(sbt.plugins.JvmPlugin),Set(Atom(sbt.plugins.IvyPlugin))), Clause(Atom(sbt.ScriptedPlugin),Set(Atom(sbt.plugins.JvmPlugin))), Clause(Atom(sbt.plugins.SbtPlugin),Set(Atom(sbt.ScriptedPlugin))), Clause(Atom(sbt.plugins.SemanticdbPlugin),Set(Atom(sbt.plugins.JvmPlugin))), Clause(Atom(sbt.plugins.JUnitXmlReportPlugin),Set(Atom(sbt.plugins.JvmPlugin))), Clause(Atom(sbt.plugins.MiniDependencyTreePlugin),Set(Atom(sbt.plugins.JvmPlugin))), Clause(Atom(sbt.plugins.CorePlugin),Set(Atom(sbt.plugins.IvyPlugin))), Clause(Atom(sbt.plugins.IvyPlugin),Set(Atom(sbt.plugins.JvmPlugin))), Clause(Atom(sbt.plugins.JvmPlugin),Set(Atom(sbt.plugins.SemanticdbPlugin))), Clause(Atom(sbt.plugins.JvmPlugin),Set(Atom(sbt.plugins.JUnitXmlReportPlugin))), Clause(Atom(sbt.plugins.CorePlugin),Set(Atom(sbt.plugins.Giter8TemplatePlugin))), Clause(Atom(sbt.plugins.JvmPlugin),Set(Atom(sbt.plugins.MiniDependencyTreePlugin)))))
[debug]   :: deduced result: Matched(sbt.plugins.CorePlugin,sbt.plugins.Giter8TemplatePlugin,sbt.plugins.IvyPlugin,sbt.plugins.JvmPlugin,sbt.plugins.MiniDependencyTreePlugin,sbt.plugins.JUnitXmlReportPlugin,sbt.plugins.SemanticdbPlugin)
[debug] Plugins.deducer#function took 4.1295 ms
[info] loading settings for project cs152-build from idea.sbt ...
[debug]               Load.resolveProject(cs152-build) took 5.0687ms
[debug]             Load.loadTransitive: finalizeProject(Project(id cs152-build, base: C:\Users\Chuying\IdeaProjects\CS152\project, plugins: List(<none>))) took 10.0748ms
[debug] [Loading] Done in C:\Users\Chuying\IdeaProjects\CS152\project, returning: (cs152-build)
[debug]           Load.loadUnit: loadedProjectsRaw took 345.6117ms
[debug]           Load.loadUnit: cleanEvalClasses took 12.2636ms
[debug]         Load.loadUnit(file:/C:/Users/Chuying/IdeaProjects/CS152/project/, ...) took 467.1472ms
[debug]       Load.apply: load took 470.6053ms
[debug]       Load.apply: resolveProjects took 0.1957ms
[debug]       Load.apply: finalTransforms took 40.005ms
[debug]       Load.apply: config.delegates took 0.6144ms
[debug]       Load.apply: Def.make(settings)... took 317.3312ms
[debug]       Load.apply: structureIndex took 77.915ms
[debug]       Load.apply: mkStreams took 0.0034ms
[info] loading project definition from C:\Users\Chuying\IdeaProjects\CS152\project
[debug] Running task... Cancel: Signal, check cycles: false, forcegc: true
[debug]     Load.loadUnit: plugins took 4212.4155ms
[debug]     Load.loadUnit: defsScala took 0.0047ms
[debug] [Loading] Scanning directory C:\Users\Chuying\IdeaProjects\CS152
[debug]       Load.loadUnit: mkEval took 0.4447ms
[debug] [Loading] Found non-root projects 
[debug] [Loading] Done in C:\Users\Chuying\IdeaProjects\CS152, returning: ()
[debug] deducing auto plugins based on known facts Set(Atom(sbt.plugins.CorePlugin)) and clauses Clauses(List(Clause(Atom(sbt.plugins.JvmPlugin),Set(Atom(sbt.plugins.IvyPlugin))), Clause(Atom(sbt.ScriptedPlugin),Set(Atom(sbt.plugins.JvmPlugin))), Clause(Atom(sbt.plugins.SbtPlugin),Set(Atom(sbt.ScriptedPlugin))), Clause(Atom(sbt.plugins.SemanticdbPlugin),Set(Atom(sbt.plugins.JvmPlugin))), Clause(Atom(sbt.plugins.JUnitXmlReportPlugin),Set(Atom(sbt.plugins.JvmPlugin))), Clause(Atom(sbt.plugins.MiniDependencyTreePlugin),Set(Atom(sbt.plugins.JvmPlugin))), Clause(Atom(org.jetbrains.sbt.StructurePlugin),Set(Atom(sbt.plugins.JvmPlugin))), Clause(Atom(org.jetbrains.sbt.IdeaShellPlugin),Set(Atom(sbt.plugins.JvmPlugin))), Clause(Atom(org.jetbrains.sbt.indices.SbtIntellijIndicesPlugin),Set(Atom(sbt.plugins.JvmPlugin))), Clause(Atom(sbt.plugins.CorePlugin),Set(Atom(sbt.plugins.IvyPlugin))), Clause(Atom(sbt.plugins.IvyPlugin),Set(Atom(sbt.plugins.JvmPlugin))), Clause(Atom(sbt.plugins.JvmPlugin),Set(Atom(sbt.plugins.SemanticdbPlugin))), Clause(Atom(sbt.plugins.JvmPlugin),Set(Atom(sbt.plugins.JUnitXmlReportPlugin))), Clause(Atom(sbt.plugins.CorePlugin),Set(Atom(sbt.plugins.Giter8TemplatePlugin))), Clause(Atom(sbt.plugins.JvmPlugin),Set(Atom(sbt.plugins.MiniDependencyTreePlugin))), Clause(Atom(sbt.plugins.JvmPlugin),Set(Atom(org.jetbrains.sbt.StructurePlugin))), Clause(Atom(sbt.plugins.JvmPlugin),Set(Atom(org.jetbrains.sbt.IdeaShellPlugin))), Clause(And(Set(Atom(sbt.plugins.CorePlugin), Atom(sbt.plugins.JvmPlugin))),Set(Atom(org.jetbrains.sbt.indices.SbtIntellijIndicesPlugin)))))
[debug]   :: deduced result: Matched(sbt.plugins.CorePlugin,sbt.plugins.Giter8TemplatePlugin,sbt.plugins.IvyPlugin,sbt.plugins.JvmPlugin,sbt.plugins.SemanticdbPlugin,org.jetbrains.sbt.indices.SbtIntellijIndicesPlugin,sbt.plugins.JUnitXmlReportPlugin,org.jetbrains.sbt.IdeaShellPlugin,org.jetbrains.sbt.StructurePlugin,sbt.plugins.MiniDependencyTreePlugin)
[debug] Plugins.deducer#function took 3.6937 ms
[info] loading settings for project cs152 from build.sbt ...
[debug]         Load.resolveProject(cs152) took 91.5909ms
[debug]       Load.loadTransitive: finalizeProject(Project(id cs152, base: C:\Users\Chuying\IdeaProjects\CS152, plugins: List(<none>))) took 98.7829ms
[debug] [Loading] Done in C:\Users\Chuying\IdeaProjects\CS152, returning: (cs152)
[debug]     Load.loadUnit: loadedProjectsRaw took 5660.3466ms
[debug]     Load.loadUnit: cleanEvalClasses took 24.9263ms
[debug]   Load.loadUnit(file:/C:/Users/Chuying/IdeaProjects/CS152/, ...) took 9898.5421ms
[debug] Load.apply: load took 9901.3896ms
[debug] Load.apply: resolveProjects took 0.1518ms
[debug] Load.apply: finalTransforms took 55.6342ms
[debug] Load.apply: config.delegates took 0.4705ms
[debug] Load.apply: Def.make(settings)... took 259.5491ms
[debug] Load.apply: structureIndex took 60.8472ms
[debug] Load.apply: mkStreams took 0.0029ms
[info] set current project to CS152 (in build file:/C:/Users/Chuying/IdeaProjects/CS152/)
[debug] > Exec(sbtPopOnFailure, None, None)
[debug] > Exec(resumeFromFailure, None, None)
[debug] > Exec(notifyUsersAboutShell, None, None)
[debug] > Exec(iflast shell, None, None)
[debug] > Exec(; set ideaPort in Global := 50999 ; idea-shell, None, None)
[debug] > Exec(set ideaPort in Global := 50999, None, None)
[info] Defining Global / ideaPort
[info] The new value will be used by Compile / compile, Test / compile
[debug] Defining 
[debug] 	Global / ideaPort
[debug] 
[debug] The new value will be used by 
[debug] 	Compile / compile
[debug] 	Test / compile
[info] Reapplying settings...
[info] set current project to CS152 (in build file:/C:/Users/Chuying/IdeaProjects/CS152/)
[debug] > Exec(idea-shell, None, None)
