[debug] > Exec(early(addDefaultCommands), None, None)
[debug] > Exec(addDefaultCommands, None, None)
[debug] > Exec(early(initialize), None, None)
[debug] > Exec(initialize, None, None)
[debug] > Exec(early(addPluginSbtFile="""C:\Users\Chuying\AppData\Local\Temp\idea1.sbt"""), None, None)
[debug] > Exec(addPluginSbtFile="""C:\Users\Chuying\AppData\Local\Temp\idea1.sbt""", None, None)
[debug] > Exec(boot, None, None)
[debug] > Exec(writeSbtVersion, None, None)
[debug] > Exec(reload, None, None)
[debug] > Exec(sbtStashOnFailure, None, None)
[debug] > Exec(onFailure loadFailed, None, None)
[debug] > Exec(loadp, None, None)
[info] welcome to sbt 1.4.7 (Oracle Corporation Java 9.0.4)
[debug]       Load.loadUnit: plugins took 159.3176ms
[debug]       Load.loadUnit: defsScala took 0.4145ms
[debug] [Loading] Scanning directory C:\Users\Chuying\.sbt\1.0\plugins
[debug] [Loading] Found non-root projects 
[debug] [Loading] Done in C:\Users\Chuying\.sbt\1.0\plugins, returning: ()
[debug] deducing auto plugins based on known facts Set(Atom(sbt.plugins.CorePlugin)) and clauses Clauses(List(Clause(Atom(sbt.plugins.JvmPlugin),Set(Atom(sbt.plugins.IvyPlugin))), Clause(Atom(sbt.ScriptedPlugin),Set(Atom(sbt.plugins.JvmPlugin))), Clause(Atom(sbt.plugins.SbtPlugin),Set(Atom(sbt.ScriptedPlugin))), Clause(Atom(sbt.plugins.SemanticdbPlugin),Set(Atom(sbt.plugins.JvmPlugin))), Clause(Atom(sbt.plugins.JUnitXmlReportPlugin),Set(Atom(sbt.plugins.JvmPlugin))), Clause(Atom(sbt.plugins.MiniDependencyTreePlugin),Set(Atom(sbt.plugins.JvmPlugin))), Clause(Atom(sbt.plugins.CorePlugin),Set(Atom(sbt.plugins.IvyPlugin))), Clause(Atom(sbt.plugins.IvyPlugin),Set(Atom(sbt.plugins.JvmPlugin))), Clause(Atom(sbt.plugins.JvmPlugin),Set(Atom(sbt.plugins.SemanticdbPlugin))), Clause(Atom(sbt.plugins.JvmPlugin),Set(Atom(sbt.plugins.JUnitXmlReportPlugin))), Clause(Atom(sbt.plugins.CorePlugin),Set(Atom(sbt.plugins.Giter8TemplatePlugin))), Clause(Atom(sbt.plugins.JvmPlugin),Set(Atom(sbt.plugins.MiniDependencyTreePlugin)))))
[debug]   :: deduced result: Matched(sbt.plugins.CorePlugin,sbt.plugins.Giter8TemplatePlugin,sbt.plugins.IvyPlugin,sbt.plugins.JvmPlugin,sbt.plugins.MiniDependencyTreePlugin,sbt.plugins.JUnitXmlReportPlugin,sbt.plugins.SemanticdbPlugin)
[debug] Plugins.deducer#function took 28.0665 ms
[debug]           Load.resolveProject(global-plugins) took 75.1849ms
[debug]         Load.loadTransitive: finalizeProject(Project(id global-plugins, base: C:\Users\Chuying\.sbt\1.0\plugins, plugins: List(<none>))) took 146.3489ms
[debug] [Loading] Done in C:\Users\Chuying\.sbt\1.0\plugins, returning: (global-plugins)
[debug]       Load.loadUnit: loadedProjectsRaw took 187.8264ms
[debug]       Load.loadUnit: cleanEvalClasses took 0.5909ms
[debug]     Load.loadUnit(file:/C:/Users/Chuying/.sbt/1.0/plugins/, ...) took 360.9266ms
[debug]   Load.apply: load took 735.5078ms
[debug]   Load.apply: resolveProjects took 13.5396ms
[debug]   Load.apply: finalTransforms took 118.7213ms
[debug]   Load.apply: config.delegates took 17.0129ms
[debug]   Load.apply: Def.make(settings)... took 1715.2397ms
[debug]   Load.apply: structureIndex took 253.7739ms
[debug]   Load.apply: mkStreams took 2.9534ms
[info] loading global plugins from C:\Users\Chuying\.sbt\1.0\plugins
[debug] Running task... Cancel: Signal, check cycles: false, forcegc: true
[debug] Load.defaultLoad until apply took 5321.4287ms
[debug]           Load.loadUnit: plugins took 54.3891ms
[debug]           Load.loadUnit: defsScala took 0.0048ms
[debug] [Loading] Scanning directory C:\Users\Chuying\IdeaProjects\CS152\project
[debug]             Load.loadUnit: mkEval took 9.0645ms
[debug] [Loading] Found non-root projects 
[debug] [Loading] Done in C:\Users\Chuying\IdeaProjects\CS152\project, returning: ()
[debug] deducing auto plugins based on known facts Set(Atom(sbt.plugins.CorePlugin)) and clauses Clauses(List(Clause(Atom(sbt.plugins.JvmPlugin),Set(Atom(sbt.plugins.IvyPlugin))), Clause(Atom(sbt.ScriptedPlugin),Set(Atom(sbt.plugins.JvmPlugin))), Clause(Atom(sbt.plugins.SbtPlugin),Set(Atom(sbt.ScriptedPlugin))), Clause(Atom(sbt.plugins.SemanticdbPlugin),Set(Atom(sbt.plugins.JvmPlugin))), Clause(Atom(sbt.plugins.JUnitXmlReportPlugin),Set(Atom(sbt.plugins.JvmPlugin))), Clause(Atom(sbt.plugins.MiniDependencyTreePlugin),Set(Atom(sbt.plugins.JvmPlugin))), Clause(Atom(sbt.plugins.CorePlugin),Set(Atom(sbt.plugins.IvyPlugin))), Clause(Atom(sbt.plugins.IvyPlugin),Set(Atom(sbt.plugins.JvmPlugin))), Clause(Atom(sbt.plugins.JvmPlugin),Set(Atom(sbt.plugins.SemanticdbPlugin))), Clause(Atom(sbt.plugins.JvmPlugin),Set(Atom(sbt.plugins.JUnitXmlReportPlugin))), Clause(Atom(sbt.plugins.CorePlugin),Set(Atom(sbt.plugins.Giter8TemplatePlugin))), Clause(Atom(sbt.plugins.JvmPlugin),Set(Atom(sbt.plugins.MiniDependencyTreePlugin)))))
[debug]   :: deduced result: Matched(sbt.plugins.CorePlugin,sbt.plugins.Giter8TemplatePlugin,sbt.plugins.IvyPlugin,sbt.plugins.JvmPlugin,sbt.plugins.MiniDependencyTreePlugin,sbt.plugins.JUnitXmlReportPlugin,sbt.plugins.SemanticdbPlugin)
[debug] Plugins.deducer#function took 4.5853 ms
[info] loading settings for project cs152-build from idea1.sbt ...
[debug]               Load.resolveProject(cs152-build) took 4.5646ms
[debug]             Load.loadTransitive: finalizeProject(Project(id cs152-build, base: C:\Users\Chuying\IdeaProjects\CS152\project, plugins: List(<none>))) took 10.0202ms
[debug] [Loading] Done in C:\Users\Chuying\IdeaProjects\CS152\project, returning: (cs152-build)
[debug]           Load.loadUnit: loadedProjectsRaw took 261.8662ms
[debug]           Load.loadUnit: cleanEvalClasses took 9.8661ms
[debug]         Load.loadUnit(file:/C:/Users/Chuying/IdeaProjects/CS152/project/, ...) took 327.497ms
[debug]       Load.apply: load took 330.1432ms
[debug]       Load.apply: resolveProjects took 0.156ms
[debug]       Load.apply: finalTransforms took 22.467ms
[debug]       Load.apply: config.delegates took 0.4712ms
[debug]       Load.apply: Def.make(settings)... took 341.9909ms
[debug]       Load.apply: structureIndex took 103.3715ms
[debug]       Load.apply: mkStreams took 0.003ms
[info] loading project definition from C:\Users\Chuying\IdeaProjects\CS152\project
[debug] Running task... Cancel: Signal, check cycles: false, forcegc: true
[debug]     Load.loadUnit: plugins took 1366.8271ms
[debug]     Load.loadUnit: defsScala took 0.0047ms
[debug] [Loading] Scanning directory C:\Users\Chuying\IdeaProjects\CS152
[debug]       Load.loadUnit: mkEval took 0.3655ms
[debug] [Loading] Found non-root projects 
[debug] [Loading] Done in C:\Users\Chuying\IdeaProjects\CS152, returning: ()
[debug] deducing auto plugins based on known facts Set(Atom(sbt.plugins.CorePlugin)) and clauses Clauses(List(Clause(Atom(sbt.plugins.JvmPlugin),Set(Atom(sbt.plugins.IvyPlugin))), Clause(Atom(sbt.ScriptedPlugin),Set(Atom(sbt.plugins.JvmPlugin))), Clause(Atom(sbt.plugins.SbtPlugin),Set(Atom(sbt.ScriptedPlugin))), Clause(Atom(sbt.plugins.SemanticdbPlugin),Set(Atom(sbt.plugins.JvmPlugin))), Clause(Atom(sbt.plugins.JUnitXmlReportPlugin),Set(Atom(sbt.plugins.JvmPlugin))), Clause(Atom(sbt.plugins.MiniDependencyTreePlugin),Set(Atom(sbt.plugins.JvmPlugin))), Clause(Atom(org.jetbrains.sbt.StructurePlugin),Set(Atom(sbt.plugins.JvmPlugin))), Clause(Atom(org.jetbrains.sbt.IdeaShellPlugin),Set(Atom(sbt.plugins.JvmPlugin))), Clause(Atom(org.jetbrains.sbt.indices.SbtIntellijIndicesPlugin),Set(Atom(sbt.plugins.JvmPlugin))), Clause(Atom(sbt.plugins.CorePlugin),Set(Atom(sbt.plugins.IvyPlugin))), Clause(Atom(sbt.plugins.IvyPlugin),Set(Atom(sbt.plugins.JvmPlugin))), Clause(Atom(sbt.plugins.JvmPlugin),Set(Atom(sbt.plugins.SemanticdbPlugin))), Clause(Atom(sbt.plugins.JvmPlugin),Set(Atom(sbt.plugins.JUnitXmlReportPlugin))), Clause(Atom(sbt.plugins.CorePlugin),Set(Atom(sbt.plugins.Giter8TemplatePlugin))), Clause(Atom(sbt.plugins.JvmPlugin),Set(Atom(sbt.plugins.MiniDependencyTreePlugin))), Clause(Atom(sbt.plugins.JvmPlugin),Set(Atom(org.jetbrains.sbt.StructurePlugin))), Clause(Atom(sbt.plugins.JvmPlugin),Set(Atom(org.jetbrains.sbt.IdeaShellPlugin))), Clause(And(Set(Atom(sbt.plugins.CorePlugin), Atom(sbt.plugins.JvmPlugin))),Set(Atom(org.jetbrains.sbt.indices.SbtIntellijIndicesPlugin)))))
[debug]   :: deduced result: Matched(sbt.plugins.CorePlugin,sbt.plugins.Giter8TemplatePlugin,sbt.plugins.IvyPlugin,sbt.plugins.JvmPlugin,sbt.plugins.SemanticdbPlugin,org.jetbrains.sbt.indices.SbtIntellijIndicesPlugin,sbt.plugins.JUnitXmlReportPlugin,org.jetbrains.sbt.IdeaShellPlugin,org.jetbrains.sbt.StructurePlugin,sbt.plugins.MiniDependencyTreePlugin)
[debug] Plugins.deducer#function took 13.2815 ms
[info] loading settings for project cs152 from build.sbt ...
[debug]         Load.resolveProject(cs152) took 54.4575ms
[debug]       Load.loadTransitive: finalizeProject(Project(id cs152, base: C:\Users\Chuying\IdeaProjects\CS152, plugins: List(<none>))) took 71.4692ms
[debug] [Loading] Done in C:\Users\Chuying\IdeaProjects\CS152, returning: (cs152)
[debug]     Load.loadUnit: loadedProjectsRaw took 194.4117ms
[debug]     Load.loadUnit: cleanEvalClasses took 8.2957ms
[debug]   Load.loadUnit(file:/C:/Users/Chuying/IdeaProjects/CS152/, ...) took 1570.4458ms
[debug] Load.apply: load took 1573.9006ms
[debug] Load.apply: resolveProjects took 0.164ms
[debug] Load.apply: finalTransforms took 56.9423ms
[debug] Load.apply: config.delegates took 0.554ms
[debug] Load.apply: Def.make(settings)... took 168.1029ms
[debug] Load.apply: structureIndex took 33.2824ms
[debug] Load.apply: mkStreams took 0.0027ms
[info] set current project to CS152 (in build file:/C:/Users/Chuying/IdeaProjects/CS152/)
[debug] > Exec(sbtPopOnFailure, None, None)
[debug] > Exec(resumeFromFailure, None, None)
[debug] > Exec(notifyUsersAboutShell, None, None)
[debug] > Exec(iflast shell, None, None)
[debug] > Exec(; set ideaPort in Global := 52161 ; idea-shell, None, None)
[debug] > Exec(set ideaPort in Global := 52161, None, None)
[info] Defining Global / ideaPort
[info] The new value will be used by Compile / compile, Test / compile
[debug] Defining 
[debug] 	Global / ideaPort
[debug] 
[debug] The new value will be used by 
[debug] 	Compile / compile
[debug] 	Test / compile
[info] Reapplying settings...
[info] set current project to CS152 (in build file:/C:/Users/Chuying/IdeaProjects/CS152/)
[debug] > Exec(idea-shell, None, None)
