[debug] > Exec(early(addDefaultCommands), None, None)
[debug] > Exec(addDefaultCommands, None, None)
[debug] > Exec(early(initialize), None, None)
[debug] > Exec(initialize, None, None)
[debug] > Exec(early(addPluginSbtFile="""C:\Users\Chuying\AppData\Local\Temp\idea.sbt"""), None, None)
[debug] > Exec(addPluginSbtFile="""C:\Users\Chuying\AppData\Local\Temp\idea.sbt""", None, None)
[debug] > Exec(boot, None, None)
[debug] > Exec(writeSbtVersion, None, None)
[debug] > Exec(reload, None, None)
[debug] > Exec(sbtStashOnFailure, None, None)
[debug] > Exec(onFailure loadFailed, None, None)
[debug] > Exec(loadp, None, None)
[info] welcome to sbt 1.4.7 (Oracle Corporation Java 9.0.4)
[debug]       Load.loadUnit: plugins took 126.2063ms
[debug]       Load.loadUnit: defsScala took 0.5736ms
[debug] [Loading] Scanning directory C:\Users\Chuying\.sbt\1.0\plugins
[debug] [Loading] Found non-root projects 
[debug] [Loading] Done in C:\Users\Chuying\.sbt\1.0\plugins, returning: ()
[debug] deducing auto plugins based on known facts Set(Atom(sbt.plugins.CorePlugin)) and clauses Clauses(List(Clause(Atom(sbt.plugins.JvmPlugin),Set(Atom(sbt.plugins.IvyPlugin))), Clause(Atom(sbt.ScriptedPlugin),Set(Atom(sbt.plugins.JvmPlugin))), Clause(Atom(sbt.plugins.SbtPlugin),Set(Atom(sbt.ScriptedPlugin))), Clause(Atom(sbt.plugins.SemanticdbPlugin),Set(Atom(sbt.plugins.JvmPlugin))), Clause(Atom(sbt.plugins.JUnitXmlReportPlugin),Set(Atom(sbt.plugins.JvmPlugin))), Clause(Atom(sbt.plugins.MiniDependencyTreePlugin),Set(Atom(sbt.plugins.JvmPlugin))), Clause(Atom(sbt.plugins.CorePlugin),Set(Atom(sbt.plugins.IvyPlugin))), Clause(Atom(sbt.plugins.IvyPlugin),Set(Atom(sbt.plugins.JvmPlugin))), Clause(Atom(sbt.plugins.JvmPlugin),Set(Atom(sbt.plugins.SemanticdbPlugin))), Clause(Atom(sbt.plugins.JvmPlugin),Set(Atom(sbt.plugins.JUnitXmlReportPlugin))), Clause(Atom(sbt.plugins.CorePlugin),Set(Atom(sbt.plugins.Giter8TemplatePlugin))), Clause(Atom(sbt.plugins.JvmPlugin),Set(Atom(sbt.plugins.MiniDependencyTreePlugin)))))
[debug]   :: deduced result: Matched(sbt.plugins.CorePlugin,sbt.plugins.Giter8TemplatePlugin,sbt.plugins.IvyPlugin,sbt.plugins.JvmPlugin,sbt.plugins.MiniDependencyTreePlugin,sbt.plugins.JUnitXmlReportPlugin,sbt.plugins.SemanticdbPlugin)
[debug] Plugins.deducer#function took 40.6424 ms
[debug]           Load.resolveProject(global-plugins) took 81.8064ms
[debug]         Load.loadTransitive: finalizeProject(Project(id global-plugins, base: C:\Users\Chuying\.sbt\1.0\plugins, plugins: List(<none>))) took 172.255ms
[debug] [Loading] Done in C:\Users\Chuying\.sbt\1.0\plugins, returning: (global-plugins)
[debug]       Load.loadUnit: loadedProjectsRaw took 214.3561ms
[debug]       Load.loadUnit: cleanEvalClasses took 0.3954ms
[debug]     Load.loadUnit(file:/C:/Users/Chuying/.sbt/1.0/plugins/, ...) took 352.7433ms
[debug]   Load.apply: load took 655.486ms
[debug]   Load.apply: resolveProjects took 9.4069ms
[debug]   Load.apply: finalTransforms took 110.922ms
[debug]   Load.apply: config.delegates took 15.7182ms
[debug]   Load.apply: Def.make(settings)... took 3271.3389ms
[debug]   Load.apply: structureIndex took 185.932ms
[debug]   Load.apply: mkStreams took 2.6206ms
[info] loading global plugins from C:\Users\Chuying\.sbt\1.0\plugins
[debug] Running task... Cancel: Signal, check cycles: false, forcegc: true
[debug] Load.defaultLoad until apply took 7405.7312ms
[debug]           Load.loadUnit: plugins took 40.1789ms
[debug]           Load.loadUnit: defsScala took 0.0044ms
[debug] [Loading] Scanning directory C:\Users\Chuying\IdeaProjects\CS152\project
[debug]             Load.loadUnit: mkEval took 9.8137ms
[debug] [Loading] Found non-root projects 
[debug] [Loading] Done in C:\Users\Chuying\IdeaProjects\CS152\project, returning: ()
[debug] deducing auto plugins based on known facts Set(Atom(sbt.plugins.CorePlugin)) and clauses Clauses(List(Clause(Atom(sbt.plugins.JvmPlugin),Set(Atom(sbt.plugins.IvyPlugin))), Clause(Atom(sbt.ScriptedPlugin),Set(Atom(sbt.plugins.JvmPlugin))), Clause(Atom(sbt.plugins.SbtPlugin),Set(Atom(sbt.ScriptedPlugin))), Clause(Atom(sbt.plugins.SemanticdbPlugin),Set(Atom(sbt.plugins.JvmPlugin))), Clause(Atom(sbt.plugins.JUnitXmlReportPlugin),Set(Atom(sbt.plugins.JvmPlugin))), Clause(Atom(sbt.plugins.MiniDependencyTreePlugin),Set(Atom(sbt.plugins.JvmPlugin))), Clause(Atom(sbt.plugins.CorePlugin),Set(Atom(sbt.plugins.IvyPlugin))), Clause(Atom(sbt.plugins.IvyPlugin),Set(Atom(sbt.plugins.JvmPlugin))), Clause(Atom(sbt.plugins.JvmPlugin),Set(Atom(sbt.plugins.SemanticdbPlugin))), Clause(Atom(sbt.plugins.JvmPlugin),Set(Atom(sbt.plugins.JUnitXmlReportPlugin))), Clause(Atom(sbt.plugins.CorePlugin),Set(Atom(sbt.plugins.Giter8TemplatePlugin))), Clause(Atom(sbt.plugins.JvmPlugin),Set(Atom(sbt.plugins.MiniDependencyTreePlugin)))))
[debug]   :: deduced result: Matched(sbt.plugins.CorePlugin,sbt.plugins.Giter8TemplatePlugin,sbt.plugins.IvyPlugin,sbt.plugins.JvmPlugin,sbt.plugins.MiniDependencyTreePlugin,sbt.plugins.JUnitXmlReportPlugin,sbt.plugins.SemanticdbPlugin)
[debug] Plugins.deducer#function took 3.134 ms
[info] loading settings for project cs152-build from idea.sbt ...
[debug]               Load.resolveProject(cs152-build) took 4.5275ms
[debug]             Load.loadTransitive: finalizeProject(Project(id cs152-build, base: C:\Users\Chuying\IdeaProjects\CS152\project, plugins: List(<none>))) took 8.3573ms
[debug] [Loading] Done in C:\Users\Chuying\IdeaProjects\CS152\project, returning: (cs152-build)
[debug]           Load.loadUnit: loadedProjectsRaw took 194.4012ms
[debug]           Load.loadUnit: cleanEvalClasses took 7.7544ms
[debug]         Load.loadUnit(file:/C:/Users/Chuying/IdeaProjects/CS152/project/, ...) took 243.7923ms
[debug]       Load.apply: load took 246.0729ms
[debug]       Load.apply: resolveProjects took 0.1515ms
[debug]       Load.apply: finalTransforms took 16.1713ms
[debug]       Load.apply: config.delegates took 0.5526ms
[debug]       Load.apply: Def.make(settings)... took 132.1709ms
[debug]       Load.apply: structureIndex took 46.1917ms
[debug]       Load.apply: mkStreams took 0.0028ms
[info] loading project definition from C:\Users\Chuying\IdeaProjects\CS152\project
[debug] Running task... Cancel: Signal, check cycles: false, forcegc: true
[debug]     Load.loadUnit: plugins took 1260.5668ms
[debug]     Load.loadUnit: defsScala took 0.0044ms
[debug] [Loading] Scanning directory C:\Users\Chuying\IdeaProjects\CS152
[debug]       Load.loadUnit: mkEval took 0.5917ms
[debug] [Loading] Found non-root projects 
[debug] [Loading] Done in C:\Users\Chuying\IdeaProjects\CS152, returning: ()
[debug] deducing auto plugins based on known facts Set(Atom(sbt.plugins.CorePlugin)) and clauses Clauses(List(Clause(Atom(sbt.plugins.JvmPlugin),Set(Atom(sbt.plugins.IvyPlugin))), Clause(Atom(sbt.ScriptedPlugin),Set(Atom(sbt.plugins.JvmPlugin))), Clause(Atom(sbt.plugins.SbtPlugin),Set(Atom(sbt.ScriptedPlugin))), Clause(Atom(sbt.plugins.SemanticdbPlugin),Set(Atom(sbt.plugins.JvmPlugin))), Clause(Atom(sbt.plugins.JUnitXmlReportPlugin),Set(Atom(sbt.plugins.JvmPlugin))), Clause(Atom(sbt.plugins.MiniDependencyTreePlugin),Set(Atom(sbt.plugins.JvmPlugin))), Clause(Atom(org.jetbrains.sbt.StructurePlugin),Set(Atom(sbt.plugins.JvmPlugin))), Clause(Atom(org.jetbrains.sbt.IdeaShellPlugin),Set(Atom(sbt.plugins.JvmPlugin))), Clause(Atom(org.jetbrains.sbt.indices.SbtIntellijIndicesPlugin),Set(Atom(sbt.plugins.JvmPlugin))), Clause(Atom(sbt.plugins.CorePlugin),Set(Atom(sbt.plugins.IvyPlugin))), Clause(Atom(sbt.plugins.IvyPlugin),Set(Atom(sbt.plugins.JvmPlugin))), Clause(Atom(sbt.plugins.JvmPlugin),Set(Atom(sbt.plugins.SemanticdbPlugin))), Clause(Atom(sbt.plugins.JvmPlugin),Set(Atom(sbt.plugins.JUnitXmlReportPlugin))), Clause(Atom(sbt.plugins.CorePlugin),Set(Atom(sbt.plugins.Giter8TemplatePlugin))), Clause(Atom(sbt.plugins.JvmPlugin),Set(Atom(sbt.plugins.MiniDependencyTreePlugin))), Clause(Atom(sbt.plugins.JvmPlugin),Set(Atom(org.jetbrains.sbt.StructurePlugin))), Clause(Atom(sbt.plugins.JvmPlugin),Set(Atom(org.jetbrains.sbt.IdeaShellPlugin))), Clause(And(Set(Atom(sbt.plugins.CorePlugin), Atom(sbt.plugins.JvmPlugin))),Set(Atom(org.jetbrains.sbt.indices.SbtIntellijIndicesPlugin)))))
[debug]   :: deduced result: Matched(sbt.plugins.CorePlugin,sbt.plugins.Giter8TemplatePlugin,sbt.plugins.IvyPlugin,sbt.plugins.JvmPlugin,sbt.plugins.SemanticdbPlugin,org.jetbrains.sbt.indices.SbtIntellijIndicesPlugin,sbt.plugins.JUnitXmlReportPlugin,org.jetbrains.sbt.IdeaShellPlugin,org.jetbrains.sbt.StructurePlugin,sbt.plugins.MiniDependencyTreePlugin)
[debug] Plugins.deducer#function took 3.9856 ms
[info] loading settings for project cs152 from build.sbt ...
[debug]         Load.resolveProject(cs152) took 60.8528ms
[debug]       Load.loadTransitive: finalizeProject(Project(id cs152, base: C:\Users\Chuying\IdeaProjects\CS152, plugins: List(<none>))) took 66.9491ms
[debug] [Loading] Done in C:\Users\Chuying\IdeaProjects\CS152, returning: (cs152)
[debug]     Load.loadUnit: loadedProjectsRaw took 132.0029ms
[debug]     Load.loadUnit: cleanEvalClasses took 12.4421ms
[debug]   Load.loadUnit(file:/C:/Users/Chuying/IdeaProjects/CS152/, ...) took 1407.0604ms
[debug] Load.apply: load took 1410.6506ms
[debug] Load.apply: resolveProjects took 0.14ms
[debug] Load.apply: finalTransforms took 44.0569ms
[debug] Load.apply: config.delegates took 0.4518ms
[debug] Load.apply: Def.make(settings)... took 134.2061ms
[debug] Load.apply: structureIndex took 38.9356ms
[debug] Load.apply: mkStreams took 0.0025ms
[info] set current project to CS152 (in build file:/C:/Users/Chuying/IdeaProjects/CS152/)
[debug] > Exec(sbtPopOnFailure, None, None)
[debug] > Exec(resumeFromFailure, None, None)
[debug] > Exec(notifyUsersAboutShell, None, None)
[debug] > Exec(iflast shell, None, None)
[debug] > Exec(; set ideaPort in Global := 58650 ; idea-shell, None, None)
[debug] > Exec(set ideaPort in Global := 58650, None, None)
[info] Defining Global / ideaPort
[info] The new value will be used by Compile / compile, Test / compile
[debug] Defining 
[debug] 	Global / ideaPort
[debug] 
[debug] The new value will be used by 
[debug] 	Compile / compile
[debug] 	Test / compile
[info] Reapplying settings...
[info] set current project to CS152 (in build file:/C:/Users/Chuying/IdeaProjects/CS152/)
[debug] > Exec(idea-shell, None, None)
